
> chain@0.1.0 dev
> next dev

- ready started server on 0.0.0.0:3000, url: http://localhost:3000
- [36minfo[39m Loaded env from /Users/illia/go/src/github.com/0xPolygonID/onchain-issuer-integration-demo/client/.env.local
- [35mevent[39m compiled client and server successfully in 170 ms (20 modules)
- [36mwait[39m compiling...
- [35mevent[39m compiled client and server successfully in 72 ms (20 modules)
- [36mwait[39m compiling /_error (client and server)...
- [36mwait[39m compiling /offer (client and server)...
- [35mevent[39m compiled client and server successfully in 963 ms (1148 modules)
- [36mwait[39m compiling /favicon.ico/route (client and server)...
- [35mevent[39m compiled successfully in 112 ms (113 modules)
- [36mwait[39m compiling /claim...
- [35mevent[39m compiled client and server successfully in 606 ms (1712 modules)
- [36mwait[39m compiling / (client and server)...
- [35mevent[39m compiled client and server successfully in 330 ms (1718 modules)
- [36mwait[39m compiling /signin (client and server)...
- [35mevent[39m compiled client and server successfully in 327 ms (1722 modules)

> chain@0.1.0 dev
> next dev

- ready started server on 0.0.0.0:3000, url: http://localhost:3000
- [36minfo[39m Loaded env from /Users/illia/go/src/github.com/0xPolygonID/onchain-issuer-integration-demo/client/.env.local
- [35mevent[39m compiled client and server successfully in 171 ms (20 modules)
- [36mwait[39m compiling...
- [35mevent[39m compiled client and server successfully in 69 ms (20 modules)
- [36mwait[39m compiling /_error (client and server)...
- [35mevent[39m compiled client and server successfully in 266 ms (178 modules)
- [36mwait[39m compiling /claim (client and server)...
- [35mevent[39m compiled client and server successfully in 719 ms (1469 modules)
- [36mwait[39m compiling /offer (client and server)...
- [35mevent[39m compiled client and server successfully in 555 ms (1494 modules)
- [36mwait[39m compiling /favicon.ico/route (client and server)...
- [35mevent[39m compiled successfully in 102 ms (117 modules)
